Copyright 1986-2019 Xilinx, Inc. All Rights Reserved.
------------------------------------------------------------------------------------------------------------------------------------------------------------------------------------------
| Tool Version : Vivado v.2019.2 (lin64) Build 2708876 Wed Nov  6 21:39:14 MST 2019
| Date         : Wed Apr 28 17:24:53 2021
| Host         : fpga-n0.crc.pitt.edu running 64-bit Red Hat Enterprise Linux Server release 7.9 (Maipo)
| Command      : report_accelerator_utilization -kernels { cnn_cnn:pfm_top_i/dynamic_region/cnn_1/inst:cnn_1} -file ../../../output/kernel_util_routed.rpt -name kernel_util_routed -json
| Design       : pfm_top_wrapper
| Device       : xcu200
| Design State : Routed
------------------------------------------------------------------------------------------------------------------------------------------------------------------------------------------

Accelerator Utilization Design Information

Table of Contents
-----------------
1. System Utilization

1. System Utilization
---------------------

+---------------------+-------------------+------------------+-------------------+----------------+---------------+----------------+
| Name                | LUT               | LUTAsMem         | REG               | BRAM           | URAM          | DSP            |
+---------------------+-------------------+------------------+-------------------+----------------+---------------+----------------+
| Platform            |  154357 [ 13.06%] |  17772 [  3.00%] |  223732 [  9.46%] |  320 [ 14.81%] |   0 [  0.00%] |    7 [  0.10%] |
| User Budget         | 1027883 [100.00%] | 574068 [100.00%] | 2140748 [100.00%] | 1840 [100.00%] | 960 [100.00%] | 6833 [100.00%] |
|    Used Resources   |   26393 [  2.57%] |    343 [  0.06%] |   34496 [  1.61%] |   65 [  3.53%] | 467 [ 48.65%] |  322 [  4.71%] |
|    Unused Resources | 1001490 [ 97.43%] | 573725 [ 99.94%] | 2106252 [ 98.39%] | 1775 [ 96.47%] | 493 [ 51.35%] | 6511 [ 95.29%] |
| cnn_cnn             |   26393 [  2.57%] |    343 [  0.06%] |   34496 [  1.61%] |   65 [  3.53%] | 467 [ 48.65%] |  322 [  4.71%] |
|    cnn_1            |   26393 [  2.57%] |    343 [  0.06%] |   34496 [  1.61%] |   65 [  3.53%] | 467 [ 48.65%] |  322 [  4.71%] |
+---------------------+-------------------+------------------+-------------------+----------------+---------------+----------------+


