Copyright 1986-2019 Xilinx, Inc. All Rights Reserved.
------------------------------------------------------------------------------------------------------------------------------------------------------------------------------------------
| Tool Version : Vivado v.2019.2 (lin64) Build 2708876 Wed Nov  6 21:39:14 MST 2019
| Date         : Tue Apr 27 15:53:54 2021
| Host         : fpga-n0.crc.pitt.edu running 64-bit Red Hat Enterprise Linux Server release 7.9 (Maipo)
| Command      : report_accelerator_utilization -kernels { cnn_cnn:pfm_top_i/dynamic_region/cnn_1/inst:cnn_1} -file ../../../output/kernel_util_routed.rpt -name kernel_util_routed -json
| Design       : pfm_top_wrapper
| Device       : xcu200
| Design State : Routed
------------------------------------------------------------------------------------------------------------------------------------------------------------------------------------------

Accelerator Utilization Design Information

Table of Contents
-----------------
1. System Utilization

1. System Utilization
---------------------

+---------------------+-------------------+------------------+-------------------+----------------+---------------+----------------+
| Name                | LUT               | LUTAsMem         | REG               | BRAM           | URAM          | DSP            |
+---------------------+-------------------+------------------+-------------------+----------------+---------------+----------------+
| Platform            |  151698 [ 12.83%] |  17649 [  2.98%] |  221106 [  9.35%] |  301 [ 13.94%] |   0 [  0.00%] |    7 [  0.10%] |
| User Budget         | 1030542 [100.00%] | 574191 [100.00%] | 2143374 [100.00%] | 1859 [100.00%] | 960 [100.00%] | 6833 [100.00%] |
|    Used Resources   |    7811 [  0.76%] |    256 [  0.04%] |    4866 [  0.23%] |   65 [  3.50%] | 407 [ 42.40%] |    7 [  0.10%] |
|    Unused Resources | 1022731 [ 99.24%] | 573935 [ 99.96%] | 2138508 [ 99.77%] | 1794 [ 96.50%] | 553 [ 57.60%] | 6826 [ 99.90%] |
| cnn_cnn             |    7811 [  0.76%] |    256 [  0.04%] |    4866 [  0.23%] |   65 [  3.50%] | 407 [ 42.40%] |    7 [  0.10%] |
|    cnn_1            |    7811 [  0.76%] |    256 [  0.04%] |    4866 [  0.23%] |   65 [  3.50%] | 407 [ 42.40%] |    7 [  0.10%] |
+---------------------+-------------------+------------------+-------------------+----------------+---------------+----------------+


